#
# There is insufficient memory for the Java Runtime Environment to continue.
# Native memory allocation (malloc) failed to allocate 1400816 bytes for Chunk::new
# Possible reasons:
#   The system is out of physical RAM or swap space
#   The process is running with CompressedOops enabled, and the Java Heap may be blocking the growth of the native heap
# Possible solutions:
#   Reduce memory load on the system
#   Increase physical memory or swap space
#   Check if swap backing store is full
#   Decrease Java heap size (-Xmx/-Xms)
#   Decrease number of Java threads
#   Decrease Java thread stack sizes (-Xss)
#   Set larger code cache with -XX:ReservedCodeCacheSize=
#   JVM is running with Unscaled Compressed Oops mode in which the Java heap is
#     placed in the first 4GB address space. The Java Heap base address is the
#     maximum limit for the native heap growth. Please use -XX:HeapBaseMinAddress
#     to set the Java Heap base and to place the Java Heap above 4GB virtual address.
# This output file may be truncated or incomplete.
#
#  Out of Memory Error (allocation.cpp:389), pid=360, tid=0x0000000000001c0c
#
# JRE version: OpenJDK Runtime Environment (8.0_212-b04) (build 1.8.0_212-release-1586-b04)
# Java VM: OpenJDK 64-Bit Server VM (25.212-b04 mixed mode windows-amd64 compressed oops)
# Failed to write core dump. Minidumps are not enabled by default on client versions of Windows
#

---------------  T H R E A D  ---------------

Current thread (0x00000000158e1000):  JavaThread "C2 CompilerThread1" daemon [_thread_in_native, id=7180, stack(0x0000000017020000,0x0000000017120000)]

Stack: [0x0000000017020000,0x0000000017120000]
[error occurred during error reporting (printing stack bounds), id 0xc0000005]

Native frames: (J=compiled Java code, j=interpreted, Vv=VM code, C=native code)


Current CompileTask:
C2: 619239 14866       4       com.android.tools.r8.ir.conversion.JarSourceCode::buildInstruction (259 bytes)


---------------  P R O C E S S  ---------------

Java Threads: ( => current thread )
  0x000000001db1d000 JavaThread "Thread-39" [_thread_in_native, id=7568, stack(0x000000001a1f0000,0x000000001a2f0000)]
  0x000000001db22800 JavaThread "stdout" daemon [_thread_in_native, id=9448, stack(0x00000000251d0000,0x00000000252d0000)]
  0x000000001db25800 JavaThread "stderr" daemon [_thread_in_native, id=6304, stack(0x00000000250d0000,0x00000000251d0000)]
  0x000000001db24800 JavaThread "stdout" daemon [_thread_in_native, id=7908, stack(0x0000000024fd0000,0x00000000250d0000)]
  0x000000001db1e800 JavaThread "stderr" daemon [_thread_in_native, id=2796, stack(0x0000000024ed0000,0x0000000024fd0000)]
  0x000000001db21800 JavaThread "stdout" daemon [_thread_in_native, id=7140, stack(0x0000000024dd0000,0x0000000024ed0000)]
  0x000000001db21000 JavaThread "stderr" daemon [_thread_in_native, id=4420, stack(0x0000000024cd0000,0x0000000024dd0000)]
  0x000000001db20000 JavaThread "pool-3-thread-1" [_thread_blocked, id=4540, stack(0x0000000024bd0000,0x0000000024cd0000)]
  0x000000001a94c000 JavaThread "Cache worker for Build Output Cleanup Cache (C:\Users\aali.lgx\Documents\Udemy\Udacity Android\andfun-kotlin-android-trivia-starter-code\.gradle\buildOutputCleanup)" [_thread_blocked, id=9492, stack(0x00000000243d0000,0x00000000244d0000)]
  0x000000001a948000 JavaThread "Cache worker for task history cache (C:\Users\aali.lgx\Documents\Udemy\Udacity Android\andfun-kotlin-android-trivia-starter-code\.gradle\4.10.1\taskHistory)" [_thread_blocked, id=8200, stack(0x00000000242d0000,0x00000000243d0000)]
  0x000000001a947800 JavaThread "Task worker for ':' Thread 3" [_thread_blocked, id=10220, stack(0x00000000241d0000,0x00000000242d0000)]
  0x000000001a949800 JavaThread "Task worker for ':' Thread 2" [_thread_blocked, id=7812, stack(0x00000000240d0000,0x00000000241d0000)]
  0x000000001d237800 JavaThread "Task worker for ':'" [_thread_blocked, id=9880, stack(0x0000000023fd0000,0x00000000240d0000)]
  0x000000001d237000 JavaThread "Cache worker for file content cache (C:\Users\aali.lgx\Documents\Udemy\Udacity Android\andfun-kotlin-android-trivia-starter-code\.gradle\4.10.1\fileContent)" [_thread_blocked, id=5332, stack(0x0000000023ed0000,0x0000000023fd0000)]
  0x000000001d23a000 JavaThread "Cache worker for file content cache (C:\Users\aali.lgx\.gradle\caches\4.10.1\fileContent)" [_thread_blocked, id=9640, stack(0x00000000235c0000,0x00000000236c0000)]
  0x000000001d236000 JavaThread "Build operations Thread 4" [_thread_blocked, id=6508, stack(0x0000000020600000,0x0000000020700000)]
  0x000000001d239000 JavaThread "Build operations Thread 3" [_thread_blocked, id=6112, stack(0x0000000020500000,0x0000000020600000)]
  0x000000001d235800 JavaThread "Build operations Thread 2" [_thread_blocked, id=3632, stack(0x0000000020400000,0x0000000020500000)]
  0x000000001d238800 JavaThread "Build operations" [_thread_blocked, id=7112, stack(0x0000000020300000,0x0000000020400000)]
  0x000000001d231800 JavaThread "Cache worker for cache directory md-rule (C:\Users\aali.lgx\.gradle\caches\4.10.1\md-rule)" [_thread_blocked, id=9928, stack(0x000000001df00000,0x000000001e000000)]
  0x000000001d232800 JavaThread "Cache worker for cache directory md-supplier (C:\Users\aali.lgx\.gradle\caches\4.10.1\md-supplier)" [_thread_blocked, id=5524, stack(0x000000001cc90000,0x000000001cd90000)]
  0x000000001d234800 JavaThread "Cache worker for file hash cache (C:\Users\aali.lgx\Documents\Udemy\Udacity Android\andfun-kotlin-android-trivia-starter-code\.gradle\4.10.1\fileHashes)" [_thread_blocked, id=6608, stack(0x000000001cb90000,0x000000001cc90000)]
  0x000000001d231000 JavaThread "Asynchronous log dispatcher for DefaultDaemonConnection: socket connection from /127.0.0.1:32418 to /127.0.0.1:32695" [_thread_blocked, id=3092, stack(0x000000001a0f0000,0x000000001a1f0000)]
  0x000000001d234000 JavaThread "Daemon worker Thread 2" [_thread_in_native, id=680, stack(0x0000000019df0000,0x0000000019ef0000)]
  0x000000001d22d000 JavaThread "Cancel handler" [_thread_blocked, id=6648, stack(0x0000000019cf0000,0x0000000019df0000)]
  0x000000001d230000 JavaThread "Handler for socket connection from /127.0.0.1:32418 to /127.0.0.1:32695" [_thread_in_native, id=4984, stack(0x0000000019900000,0x0000000019a00000)]
  0x000000001d22c800 JavaThread "Daemon Thread 2" [_thread_blocked, id=6540, stack(0x00000000194d0000,0x00000000195d0000)]
  0x000000001d22b800 JavaThread "Memory manager" [_thread_blocked, id=6684, stack(0x0000000021800000,0x0000000021900000)]
  0x000000001d22e000 JavaThread "pool-1-thread-1" [_thread_blocked, id=4128, stack(0x0000000020900000,0x0000000020a00000)]
  0x000000001a94d800 JavaThread "Cache worker for Artifact transforms cache (C:\Users\aali.lgx\.gradle\caches\transforms-1)" [_thread_blocked, id=9220, stack(0x000000001e6d0000,0x000000001e7d0000)]
  0x000000001a94a800 JavaThread "Cache worker for journal cache (C:\Users\aali.lgx\.gradle\caches\journal-1)" [_thread_blocked, id=9888, stack(0x000000001c890000,0x000000001c990000)]
  0x0000000017de7800 JavaThread "File lock request listener" [_thread_in_native, id=9148, stack(0x000000001b7c0000,0x000000001b8c0000)]
  0x000000001af8d800 JavaThread "Cache worker for file hash cache (C:\Users\aali.lgx\.gradle\caches\4.10.1\fileHashes)" [_thread_blocked, id=7396, stack(0x000000001b6c0000,0x000000001b7c0000)]
  0x00000000175af000 JavaThread "Daemon periodic checks" [_thread_blocked, id=184, stack(0x0000000019bf0000,0x0000000019cf0000)]
  0x00000000175ae800 JavaThread "Incoming local TCP Connector on port 32418" [_thread_in_native, id=7512, stack(0x0000000019a00000,0x0000000019b00000)]
  0x000000001593e800 JavaThread "Service Thread" daemon [_thread_blocked, id=7248, stack(0x0000000017620000,0x0000000017720000)]
  0x00000000158e6800 JavaThread "C1 CompilerThread2" daemon [_thread_blocked, id=5296, stack(0x0000000017120000,0x0000000017220000)]
=>0x00000000158e1000 JavaThread "C2 CompilerThread1" daemon [_thread_in_native, id=7180, stack(0x0000000017020000,0x0000000017120000)]
  0x00000000158de000 JavaThread "C2 CompilerThread0" daemon [_thread_in_native, id=7020, stack(0x0000000016f20000,0x0000000017020000)]
  0x00000000158dd000 JavaThread "Attach Listener" daemon [_thread_blocked, id=7620, stack(0x0000000016e20000,0x0000000016f20000)]
  0x00000000158db800 JavaThread "Signal Dispatcher" daemon [_thread_blocked, id=9684, stack(0x0000000016d20000,0x0000000016e20000)]
  0x0000000001f6d000 JavaThread "Finalizer" daemon [_thread_blocked, id=1084, stack(0x0000000016b40000,0x0000000016c40000)]
  0x00000000158c8800 JavaThread "Reference Handler" daemon [_thread_blocked, id=620, stack(0x0000000016a40000,0x0000000016b40000)]
  0x0000000001e72800 JavaThread "main" [_thread_blocked, id=5812, stack(0x0000000000620000,0x0000000000720000)]

Other Threads:
  0x00000000158a6800 VMThread [stack: 0x0000000016940000,0x0000000016a40000] [id=5196]
  0x0000000017241800 WatcherThread [stack: 0x0000000017720000,0x0000000017820000] [id=7048]

VM state:not at safepoint (normal execution)

VM Mutex/Monitor currently owned by a thread: None

heap address: 0x00000000a0000000, size: 1536 MB, Compressed Oops mode: 32-bit
Narrow klass base: 0x0000000000000000, Narrow klass shift: 3
Compressed class space size: 1073741824 Address: 0x0000000100000000

Heap:
 PSYoungGen      total 209920K, used 163074K [0x00000000e0000000, 0x00000000f0000000, 0x0000000100000000)
  eden space 172544K, 83% used [0x00000000e0000000,0x00000000e8d66948,0x00000000ea880000)
  from space 37376K, 48% used [0x00000000ea880000,0x00000000eba5a120,0x00000000ecd00000)
  to   space 36352K, 0% used [0x00000000edc80000,0x00000000edc80000,0x00000000f0000000)
 ParOldGen       total 116736K, used 78907K [0x00000000a0000000, 0x00000000a7200000, 0x00000000e0000000)
  object space 116736K, 67% used [0x00000000a0000000,0x00000000a4d0ec20,0x00000000a7200000)
 Metaspace       used 95250K, capacity 98429K, committed 98600K, reserved 1134592K
  class space    used 12234K, capacity 12971K, committed 13096K, reserved 1048576K

Card table byte_map: [0x0000000011330000,0x0000000011640000] byte_map_base: 0x0000000010e30000

Marking Bits: (ParMarkBitMap*) 0x0000000063049f30
 Begin Bits: [0x0000000011c40000, 0x0000000013440000)
 End Bits:   [0x0000000013440000, 0x0000000014c40000)

Polling page: 0x00000000004c0000

CodeCache: size=245760Kb used=42614Kb max_used=42632Kb free=203145Kb
 bounds [0x0000000001f70000, 0x0000000004950000, 0x0000000010f70000]
 total_blobs=13824 nmethods=12902 adapters=835
 compilation: enabled

Compilation events (10 events):
Event: 618.841 Thread 0x00000000158e6800 15078       3       com.android.tools.r8.org.objectweb.asm.tree.JumpInsnNode::<init> (11 bytes)
Event: 618.841 Thread 0x00000000158e6800 nmethod 15078 0x0000000004935350 code [0x00000000049354c0, 0x00000000049356f0]
Event: 618.841 Thread 0x00000000158e6800 15075       3       com.android.tools.r8.org.objectweb.asm.tree.MethodNode::visitLdcInsn (16 bytes)
Event: 618.841 Thread 0x00000000158e6800 nmethod 15075 0x00000000049357d0 code [0x0000000004935960, 0x0000000004935ca8]
Event: 618.841 Thread 0x00000000158e6800 15076       3       com.android.tools.r8.org.objectweb.asm.tree.LdcInsnNode::<init> (12 bytes)
Event: 618.842 Thread 0x00000000158e6800 nmethod 15076 0x0000000004935e50 code [0x0000000004935fc0, 0x00000000049361f0]
Event: 618.871 Thread 0x00000000158de000 nmethod 15048 0x0000000004938490 code [0x00000000049386c0, 0x0000000004939c18]
Event: 618.871 Thread 0x00000000158de000 15061       4       com.android.tools.r8.ir.optimize.MoveEliminator::shouldBeEliminated (265 bytes)
Event: 618.945 Thread 0x00000000158de000 nmethod 15061 0x000000000493f090 code [0x000000000493f3c0, 0x0000000004940d50]
Event: 618.946 Thread 0x00000000158de000 14867       4       com.android.tools.r8.ir.conversion.JarSourceCode::build (293 bytes)

GC Heap History (10 events):
Event: 71.179 GC heap before
{Heap before GC invocations=18 (full 3):
 PSYoungGen      total 154624K, used 140288K [0x00000000e0000000, 0x00000000ea980000, 0x0000000100000000)
  eden space 140288K, 100% used [0x00000000e0000000,0x00000000e8900000,0x00000000e8900000)
  from space 14336K, 0% used [0x00000000e9880000,0x00000000e9880000,0x00000000ea680000)
  to   space 15872K, 0% used [0x00000000e8900000,0x00000000e8900000,0x00000000e9880000)
 ParOldGen       total 116736K, used 33537K [0x00000000a0000000, 0x00000000a7200000, 0x00000000e0000000)
  object space 116736K, 28% used [0x00000000a0000000,0x00000000a20c0538,0x00000000a7200000)
 Metaspace       used 65374K, capacity 67296K, committed 67496K, reserved 1107968K
  class space    used 8826K, capacity 9327K, committed 9384K, reserved 1048576K
Event: 71.204 GC heap after
Heap after GC invocations=18 (full 3):
 PSYoungGen      total 156160K, used 13813K [0x00000000e0000000, 0x00000000ec680000, 0x0000000100000000)
  eden space 140288K, 0% used [0x00000000e0000000,0x00000000e0000000,0x00000000e8900000)
  from space 15872K, 87% used [0x00000000e8900000,0x00000000e967d758,0x00000000e9880000)
  to   space 16896K, 0% used [0x00000000eb600000,0x00000000eb600000,0x00000000ec680000)
 ParOldGen       total 116736K, used 33545K [0x00000000a0000000, 0x00000000a7200000, 0x00000000e0000000)
  object space 116736K, 28% used [0x00000000a0000000,0x00000000a20c2538,0x00000000a7200000)
 Metaspace       used 65374K, capacity 67296K, committed 67496K, reserved 1107968K
  class space    used 8826K, capacity 9327K, committed 9384K, reserved 1048576K
}
Event: 79.732 GC heap before
{Heap before GC invocations=19 (full 3):
 PSYoungGen      total 156160K, used 154101K [0x00000000e0000000, 0x00000000ec680000, 0x0000000100000000)
  eden space 140288K, 100% used [0x00000000e0000000,0x00000000e8900000,0x00000000e8900000)
  from space 15872K, 87% used [0x00000000e8900000,0x00000000e967d758,0x00000000e9880000)
  to   space 16896K, 0% used [0x00000000eb600000,0x00000000eb600000,0x00000000ec680000)
 ParOldGen       total 116736K, used 33545K [0x00000000a0000000, 0x00000000a7200000, 0x00000000e0000000)
  object space 116736K, 28% used [0x00000000a0000000,0x00000000a20c2538,0x00000000a7200000)
 Metaspace       used 72552K, capacity 74879K, committed 75048K, reserved 1114112K
  class space    used 9668K, capacity 10214K, committed 10280K, reserved 1048576K
Event: 79.791 GC heap after
Heap after GC invocations=19 (full 3):
 PSYoungGen      total 182272K, used 16882K [0x00000000e0000000, 0x00000000ecd00000, 0x0000000100000000)
  eden space 165376K, 0% used [0x00000000e0000000,0x00000000e0000000,0x00000000ea180000)
  from space 16896K, 99% used [0x00000000eb600000,0x00000000ec67c9b0,0x00000000ec680000)
  to   space 20992K, 0% used [0x00000000ea180000,0x00000000ea180000,0x00000000eb600000)
 ParOldGen       total 116736K, used 38868K [0x00000000a0000000, 0x00000000a7200000, 0x00000000e0000000)
  object space 116736K, 33% used [0x00000000a0000000,0x00000000a25f5208,0x00000000a7200000)
 Metaspace       used 72552K, capacity 74879K, committed 75048K, reserved 1114112K
  class space    used 9668K, capacity 10214K, committed 10280K, reserved 1048576K
}
Event: 532.289 GC heap before
{Heap before GC invocations=20 (full 3):
 PSYoungGen      total 182272K, used 182258K [0x00000000e0000000, 0x00000000ecd00000, 0x0000000100000000)
  eden space 165376K, 100% used [0x00000000e0000000,0x00000000ea180000,0x00000000ea180000)
  from space 16896K, 99% used [0x00000000eb600000,0x00000000ec67c9b0,0x00000000ec680000)
  to   space 20992K, 0% used [0x00000000ea180000,0x00000000ea180000,0x00000000eb600000)
 ParOldGen       total 116736K, used 38868K [0x00000000a0000000, 0x00000000a7200000, 0x00000000e0000000)
  object space 116736K, 33% used [0x00000000a0000000,0x00000000a25f5208,0x00000000a7200000)
 Metaspace       used 78800K, capacity 81595K, committed 81704K, reserved 1120256K
  class space    used 10288K, capacity 10964K, committed 11048K, reserved 1048576K
Event: 532.374 GC heap after
Heap after GC invocations=20 (full 3):
 PSYoungGen      total 186368K, used 20982K [0x00000000e0000000, 0x00000000ee700000, 0x0000000100000000)
  eden space 165376K, 0% used [0x00000000e0000000,0x00000000e0000000,0x00000000ea180000)
  from space 20992K, 99% used [0x00000000ea180000,0x00000000eb5fd9e0,0x00000000eb600000)
  to   space 26624K, 0% used [0x00000000ecd00000,0x00000000ecd00000,0x00000000ee700000)
 ParOldGen       total 116736K, used 45868K [0x00000000a0000000, 0x00000000a7200000, 0x00000000e0000000)
  object space 116736K, 39% used [0x00000000a0000000,0x00000000a2ccb390,0x00000000a7200000)
 Metaspace       used 78800K, capacity 81595K, committed 81704K, reserved 1120256K
  class space    used 10288K, capacity 10964K, committed 11048K, reserved 1048576K
}
Event: 540.905 GC heap before
{Heap before GC invocations=21 (full 3):
 PSYoungGen      total 186368K, used 186358K [0x00000000e0000000, 0x00000000ee700000, 0x0000000100000000)
  eden space 165376K, 100% used [0x00000000e0000000,0x00000000ea180000,0x00000000ea180000)
  from space 20992K, 99% used [0x00000000ea180000,0x00000000eb5fd9e0,0x00000000eb600000)
  to   space 26624K, 0% used [0x00000000ecd00000,0x00000000ecd00000,0x00000000ee700000)
 ParOldGen       total 116736K, used 45868K [0x00000000a0000000, 0x00000000a7200000, 0x00000000e0000000)
  object space 116736K, 39% used [0x00000000a0000000,0x00000000a2ccb390,0x00000000a7200000)
 Metaspace       used 83213K, capacity 86009K, committed 86312K, reserved 1124352K
  class space    used 10808K, capacity 11467K, committed 11560K, reserved 1048576K
Event: 540.977 GC heap after
Heap after GC invocations=21 (full 3):
 PSYoungGen      total 199168K, used 26606K [0x00000000e0000000, 0x00000000efd00000, 0x0000000100000000)
  eden space 172544K, 0% used [0x00000000e0000000,0x00000000e0000000,0x00000000ea880000)
  from space 26624K, 99% used [0x00000000ecd00000,0x00000000ee6fb9b8,0x00000000ee700000)
  to   space 37376K, 0% used [0x00000000ea880000,0x00000000ea880000,0x00000000ecd00000)
 ParOldGen       total 116736K, used 64538K [0x00000000a0000000, 0x00000000a7200000, 0x00000000e0000000)
  object space 116736K, 55% used [0x00000000a0000000,0x00000000a3f06ae0,0x00000000a7200000)
 Metaspace       used 83213K, capacity 86009K, committed 86312K, reserved 1124352K
  class space    used 10808K, capacity 11467K, committed 11560K, reserved 1048576K
}
Event: 595.021 GC heap before
{Heap before GC invocations=22 (full 3):
 PSYoungGen      total 199168K, used 199150K [0x00000000e0000000, 0x00000000efd00000, 0x0000000100000000)
  eden space 172544K, 100% used [0x00000000e0000000,0x00000000ea880000,0x00000000ea880000)
  from space 26624K, 99% used [0x00000000ecd00000,0x00000000ee6fb9b8,0x00000000ee700000)
  to   space 37376K, 0% used [0x00000000ea880000,0x00000000ea880000,0x00000000ecd00000)
 ParOldGen       total 116736K, used 64538K [0x00000000a0000000, 0x00000000a7200000, 0x00000000e0000000)
  object space 116736K, 55% used [0x00000000a0000000,0x00000000a3f06ae0,0x00000000a7200000)
 Metaspace       used 86679K, capacity 89551K, committed 89768K, reserved 1126400K
  class space    used 11212K, capacity 11908K, committed 11944K, reserved 1048576K
Event: 595.165 GC heap after
Heap after GC invocations=22 (full 3):
 PSYoungGen      total 209920K, used 18280K [0x00000000e0000000, 0x00000000f0000000, 0x0000000100000000)
  eden space 172544K, 0% used [0x00000000e0000000,0x00000000e0000000,0x00000000ea880000)
  from space 37376K, 48% used [0x00000000ea880000,0x00000000eba5a120,0x00000000ecd00000)
  to   space 36352K, 0% used [0x00000000edc80000,0x00000000edc80000,0x00000000f0000000)
 ParOldGen       total 116736K, used 78907K [0x00000000a0000000, 0x00000000a7200000, 0x00000000e0000000)
  object space 116736K, 67% used [0x00000000a0000000,0x00000000a4d0ec20,0x00000000a7200000)
 Metaspace       used 86679K, capacity 89551K, committed 89768K, reserved 1126400K
  class space    used 11212K, capacity 11908K, committed 11944K, reserved 1048576K
}

Deoptimization events (10 events):
Event: 618.605 Thread 0x000000001d234000 Uncommon trap: reason=class_check action=maybe_recompile pc=0x00000000046ed308 method=com.android.tools.r8.ir.optimize.BasicBlockInstructionsEquivalence.computeHash(Lcom/android/tools/r8/ir/code/BasicBlock;)I @ 61
Event: 618.606 Thread 0x000000001d234000 Uncommon trap: reason=class_check action=maybe_recompile pc=0x0000000004787fe8 method=com.android.tools.r8.ir.optimize.MoveEliminator.shouldBeEliminated(Lcom/android/tools/r8/ir/code/Instruction;)Z @ 202
Event: 618.615 Thread 0x000000001d234000 Uncommon trap: reason=class_check action=maybe_recompile pc=0x00000000046f9e38 method=com.android.tools.r8.ir.optimize.BasicBlockInstructionsEquivalence.computeHash(Lcom/android/tools/r8/ir/code/BasicBlock;)I @ 61
Event: 618.642 Thread 0x000000001d234000 Uncommon trap: reason=unstable_if action=reinterpret pc=0x00000000048018c8 method=com.android.tools.r8.ir.conversion.JarState$LocalsAtOffset.isLive(Lcom/android/tools/r8/ir/conversion/JarState$LocalNodeInfo;)Z @ 11
Event: 618.648 Thread 0x000000001d234000 Uncommon trap: reason=unstable_if action=reinterpret pc=0x0000000004813ff8 method=com.android.tools.r8.ir.regalloc.RegisterPositions.get(I)I @ 6
Event: 618.652 Thread 0x000000001d234000 Uncommon trap: reason=unstable_if action=reinterpret pc=0x0000000004597184 method=com.android.tools.r8.ir.regalloc.LiveIntervals.getSplitCovering(I)Lcom/android/tools/r8/ir/regalloc/LiveIntervals; @ 35
Event: 618.654 Thread 0x000000001d234000 Uncommon trap: reason=unstable_if action=reinterpret pc=0x00000000047fdb7c method=com.android.tools.r8.ir.regalloc.LinearScanRegisterAllocator.realRegisterNumberFromAllocated(I)I @ 10
Event: 618.655 Thread 0x000000001d234000 Uncommon trap: reason=unstable_if action=reinterpret pc=0x00000000047edb10 method=com.android.tools.r8.ir.regalloc.LiveIntervals.hasSplits()Z @ 9
Event: 618.658 Thread 0x000000001d234000 Uncommon trap: reason=unstable_if action=reinterpret pc=0x00000000045f9cf4 method=com.android.tools.r8.ir.code.ValueType.isWide()Z @ 18
Event: 618.721 Thread 0x000000001d234000 Uncommon trap: reason=unstable_if action=reinterpret pc=0x00000000048e5668 method=com.android.tools.r8.ir.code.Value.getStartOfConsecutive()Lcom/android/tools/r8/ir/code/Value; @ 6

Classes redefined (0 events):
No events

Internal exceptions (10 events):
Event: 594.528 Thread 0x000000001a947800 Exception <a 'sun/nio/fs/WindowsException'> (0x00000000e987c9c0) thrown at [D:\src\AOSP-openjdk-cygwin\jdk8u\hotspot\src\share\vm\prims\jni.cpp, line 710]
Event: 594.528 Thread 0x000000001a947800 Exception <a 'sun/nio/fs/WindowsException'> (0x00000000e987cf10) thrown at [D:\src\AOSP-openjdk-cygwin\jdk8u\hotspot\src\share\vm\prims\jni.cpp, line 710]
Event: 594.528 Thread 0x000000001a947800 Exception <a 'sun/nio/fs/WindowsException'> (0x00000000e987de10) thrown at [D:\src\AOSP-openjdk-cygwin\jdk8u\hotspot\src\share\vm\prims\jni.cpp, line 710]
Event: 594.528 Thread 0x000000001a947800 Exception <a 'sun/nio/fs/WindowsException'> (0x00000000e987e8a8) thrown at [D:\src\AOSP-openjdk-cygwin\jdk8u\hotspot\src\share\vm\prims\jni.cpp, line 710]
Event: 595.346 Thread 0x000000001d234000 Exception <a 'sun/nio/fs/WindowsException'> (0x00000000e02e4428) thrown at [D:\src\AOSP-openjdk-cygwin\jdk8u\hotspot\src\share\vm\prims\jni.cpp, line 710]
Event: 595.517 Thread 0x000000001a949800 Exception <a 'sun/nio/fs/WindowsException'> (0x00000000e0011fc0) thrown at [D:\src\AOSP-openjdk-cygwin\jdk8u\hotspot\src\share\vm\prims\jni.cpp, line 710]
Event: 595.630 Thread 0x000000001d237800 Exception <a 'sun/nio/fs/WindowsException'> (0x00000000e00bb680) thrown at [D:\src\AOSP-openjdk-cygwin\jdk8u\hotspot\src\share\vm\prims\jni.cpp, line 710]
Event: 601.347 Thread 0x000000001a947800 Exception <a 'java/lang/NoSuchMethodError': java.lang.Object.lambda$comparingInt$7b0bb60$1(Ljava/util/function/ToIntFunction;Ljava/lang/Object;Ljava/lang/Object;)I> (0x00000000e1149a00) thrown at [D:\src\AOSP-openjdk-cygwin\jdk8u\hotspot\src\share\vm\inte
Event: 617.564 Thread 0x000000001a947800 JVM_StopThread thread JavaThread 0x000000001db1d000 as oop 0x00000000e4e47208 [exception 0x00000000242cc450]
Event: 618.527 Thread 0x000000001a947800 Exception <a 'java/lang/reflect/InvocationTargetException'> (0x00000000e6f8ead8) thrown at [D:\src\AOSP-openjdk-cygwin\jdk8u\hotspot\src\share\vm\runtime\reflection.cpp, line 1092]

Events (10 events):
Event: 619.039 loading class com/android/tools/r8/it/unimi/dsi/fastutil/ints/Int2ObjectAVLTreeMap$Entry
Event: 619.039 loading class com/android/tools/r8/it/unimi/dsi/fastutil/ints/Int2ObjectAVLTreeMap$Entry done
Event: 619.103 loading class com/android/tools/r8/it/unimi/dsi/fastutil/ints/AbstractInt2ObjectMap$BasicEntry
Event: 619.103 loading class com/android/tools/r8/it/unimi/dsi/fastutil/ints/AbstractInt2ObjectMap$BasicEntry done
Event: 619.104 loading class com/android/tools/r8/it/unimi/dsi/fastutil/ints/Int2ObjectMap$Entry
Event: 619.104 loading class com/android/tools/r8/it/unimi/dsi/fastutil/ints/Int2ObjectMap$Entry done
Event: 619.105 loading class com/android/tools/r8/it/unimi/dsi/fastutil/objects/Object2IntLinkedOpenHashMap
Event: 619.105 loading class com/android/tools/r8/it/unimi/dsi/fastutil/objects/Object2IntLinkedOpenHashMap done
Event: 619.108 loading class com/android/tools/r8/it/unimi/dsi/fastutil/objects/AbstractObject2IntSortedMap
Event: 619.108 loading class com/android/tools/r8/it/unimi/dsi/fastutil/objects/AbstractObject2IntSortedMap done


Dynamic libraries:
0x00007ff7f0e40000 - 0x00007ff7f0e71000 	C:\Program Files\Android\Android Studio\jre\bin\java.exe
0x00007fff2a180000 - 0x00007fff2a32d000 	C:\WINDOWS\SYSTEM32\ntdll.dll
0x00007fff29100000 - 0x00007fff2923f000 	C:\WINDOWS\system32\KERNEL32.DLL
0x00007fff27380000 - 0x00007fff27496000 	C:\WINDOWS\system32\KERNELBASE.dll
0x00007fff293c0000 - 0x00007fff2946a000 	C:\WINDOWS\system32\ADVAPI32.dll
0x00007fff29f70000 - 0x00007fff2a0e7000 	C:\WINDOWS\system32\USER32.dll
0x00007fff23330000 - 0x00007fff235ab000 	C:\WINDOWS\WinSxS\amd64_microsoft.windows.common-controls_6595b64144ccf1df_6.0.9600.19394_none_62486577ecb635cf\COMCTL32.dll
0x00007fff29240000 - 0x00007fff292ea000 	C:\WINDOWS\system32\msvcrt.dll
0x00007fff29c40000 - 0x00007fff29c99000 	C:\WINDOWS\SYSTEM32\sechost.dll
0x00007fff296e0000 - 0x00007fff29820000 	C:\WINDOWS\system32\RPCRT4.dll
0x00007fff28d40000 - 0x00007fff28e8c000 	C:\WINDOWS\system32\GDI32.dll
0x00007fff27600000 - 0x00007fff2762e000 	C:\WINDOWS\system32\SspiCli.dll
0x00007fff29ca0000 - 0x00007fff29cd6000 	C:\WINDOWS\system32\IMM32.DLL
0x00007fff29ae0000 - 0x00007fff29c32000 	C:\WINDOWS\system32\MSCTF.dll
0x00000000627a0000 - 0x0000000062872000 	C:\Program Files\Android\Android Studio\jre\jre\bin\msvcr100.dll
0x0000000062880000 - 0x00000000630c6000 	C:\Program Files\Android\Android Studio\jre\jre\bin\server\jvm.dll
0x00007fff1faf0000 - 0x00007fff1faf9000 	C:\WINDOWS\SYSTEM32\WSOCK32.dll
0x00007fff1fb90000 - 0x00007fff1fbb2000 	C:\WINDOWS\SYSTEM32\WINMM.dll
0x00007fff20670000 - 0x00007fff2067a000 	C:\WINDOWS\SYSTEM32\VERSION.dll
0x00007fff2a0f0000 - 0x00007fff2a0f7000 	C:\WINDOWS\system32\PSAPI.DLL
0x00007fff29ce0000 - 0x00007fff29d3a000 	C:\WINDOWS\system32\WS2_32.dll
0x00007fff1fb60000 - 0x00007fff1fb8a000 	C:\WINDOWS\SYSTEM32\WINMMBASE.dll
0x00007fff292f0000 - 0x00007fff292f9000 	C:\WINDOWS\system32\NSI.dll
0x00007fff274a0000 - 0x00007fff274ef000 	C:\WINDOWS\SYSTEM32\cfgmgr32.dll
0x00007fff260d0000 - 0x00007fff260f8000 	C:\WINDOWS\SYSTEM32\DEVOBJ.dll
0x00007fff0ad90000 - 0x00007fff0ad9f000 	C:\Program Files\Android\Android Studio\jre\jre\bin\verify.dll
0x00007fff06f10000 - 0x00007fff06f39000 	C:\Program Files\Android\Android Studio\jre\jre\bin\java.dll
0x00007fff08ba0000 - 0x00007fff08bb6000 	C:\Program Files\Android\Android Studio\jre\jre\bin\zip.dll
0x00007fff27810000 - 0x00007fff28d3b000 	C:\WINDOWS\system32\SHELL32.dll
0x00007fff29470000 - 0x00007fff29680000 	C:\WINDOWS\SYSTEM32\combase.dll
0x00007fff29f10000 - 0x00007fff29f64000 	C:\WINDOWS\system32\SHLWAPI.dll
0x00007fff24000000 - 0x00007fff240b2000 	C:\WINDOWS\SYSTEM32\SHCORE.dll
0x00007fff272b0000 - 0x00007fff272c5000 	C:\WINDOWS\SYSTEM32\profapi.dll
0x00007fff00eb0000 - 0x00007fff00eca000 	C:\Program Files\Android\Android Studio\jre\jre\bin\net.dll
0x00007fff20720000 - 0x00007fff208aa000 	C:\WINDOWS\SYSTEM32\urlmon.dll
0x00007fff28e90000 - 0x00007fff29024000 	C:\WINDOWS\system32\ole32.dll
0x00007fff21a10000 - 0x00007fff21cdc000 	C:\WINDOWS\SYSTEM32\iertutil.dll
0x00007fff21ce0000 - 0x00007fff2218c000 	C:\WINDOWS\SYSTEM32\WININET.dll
0x00007fff26960000 - 0x00007fff26981000 	C:\WINDOWS\SYSTEM32\USERENV.dll
0x00007fff26ae0000 - 0x00007fff26b39000 	C:\WINDOWS\system32\mswsock.dll
0x00007fff00dd0000 - 0x00007fff00de3000 	C:\Program Files\Android\Android Studio\jre\jre\bin\nio.dll
0x00007fff22190000 - 0x00007fff221ae000 	C:\Users\aali.lgx\.gradle\native\25\windows-amd64\native-platform.dll
0x00007fff00ea0000 - 0x00007fff00ead000 	C:\Program Files\Android\Android Studio\jre\jre\bin\management.dll
0x00007fff26b40000 - 0x00007fff26b60000 	C:\WINDOWS\SYSTEM32\CRYPTSP.dll
0x00007fff26740000 - 0x00007fff26776000 	C:\WINDOWS\system32\rsaenh.dll
0x00007fff26d50000 - 0x00007fff26d76000 	C:\WINDOWS\SYSTEM32\bcrypt.dll
0x00007fff270b0000 - 0x00007fff27113000 	C:\WINDOWS\system32\bcryptprimitives.dll
0x00007fff27180000 - 0x00007fff2718b000 	C:\WINDOWS\SYSTEM32\CRYPTBASE.dll
0x00007fff217e0000 - 0x00007fff2180a000 	C:\WINDOWS\SYSTEM32\IPHLPAPI.DLL
0x00007fff215c0000 - 0x00007fff215ca000 	C:\WINDOWS\SYSTEM32\WINNSI.DLL
0x00007fff21270000 - 0x00007fff21286000 	C:\WINDOWS\SYSTEM32\dhcpcsvc6.DLL
0x00007fff21290000 - 0x00007fff212aa000 	C:\WINDOWS\SYSTEM32\dhcpcsvc.DLL
0x00007ffef5810000 - 0x00007ffef5834000 	C:\Program Files\Android\Android Studio\jre\jre\bin\sunec.dll
0x00007fff26870000 - 0x00007fff26914000 	C:\WINDOWS\SYSTEM32\DNSAPI.dll
0x0000000063b20000 - 0x0000000063b46000 	C:\Program Files\Bonjour\mdnsNSP.dll
0x00007fff10ec0000 - 0x00007fff10eca000 	C:\Windows\System32\rasadhlp.dll
0x00007fff20e20000 - 0x00007fff20e8b000 	C:\WINDOWS\System32\fwpuclnt.dll
0x00007fff103f0000 - 0x00007fff103fb000 	C:\Program Files\Android\Android Studio\jre\jre\bin\sunmscapi.dll
0x00007fff27630000 - 0x00007fff2780f000 	C:\WINDOWS\system32\CRYPT32.dll
0x00007fff27360000 - 0x00007fff27371000 	C:\WINDOWS\system32\MSASN1.dll
0x00007fff0fcb0000 - 0x00007fff0fcce000 	C:\Users\aali.lgx\AppData\Local\Temp\native-platform4713394518947124195dir\native-platform.dll

VM Arguments:
jvm_args: -Xmx1536m -Dfile.encoding=windows-1252 -Duser.country=CA -Duser.language=en -Duser.variant 
java_command: org.gradle.launcher.daemon.bootstrap.GradleDaemon 4.10.1
java_class_path (initial): C:\Users\aali.lgx\.gradle\wrapper\dists\gradle-4.10.1-all\455itskqi2qtf0v2sja68alqd\gradle-4.10.1\lib\gradle-launcher-4.10.1.jar
Launcher Type: SUN_STANDARD

Environment Variables:
PATH=C:\ProgramData\Oracle\Java\javapath;C:\Program Files (x86)\GtkSharp\2.12\\bin;C:\users\aali\antlr;C:\Program Files\Common Files\Microsoft Shared\Windows Live;C:\Program Files (x86)\Common Files\Microsoft Shared\Windows Live;C:\WINDOWS\system32;C:\WINDOWS;C:\WINDOWS\System32\Wbem;C:\WINDOWS\System32\WindowsPowerShell\v1.0\;C:\Program Files (x86)\Microsoft SQL Server\90\Tools\binn\;C:\Program Files (x86)\Common Files\Roxio Shared\DLLShared\;C:\Program Files (x86)\Windows Live\Shared;C:\Program Files (x86)\Microsoft SQL Server\100\Tools\Binn\VSShell\Common7\IDE\;C:\Program Files (x86)\Microsoft SQL Server\100\Tools\Binn\;C:\Program Files\Microsoft SQL Server\100\Tools\Binn\;C:\Program Files (x86)\Microsoft SQL Server\100\DTS\Binn\;C:\MinGW\bin;C:\Program Files (x86)\GtkSharp\2.12\bin;C:\Program Files (x86)\nodejs\;C:\Program Files (x86)\nodejs\\bin;C:\Program Files (x86)\Java\jdk1.6.0_31;C:\MinGW\msys\1.0\home\AAli\usr\lib/pkgconfig;C:\Program Files (x86)\nodejs\\bin;C:\Program Files (x86)\Java\jdk1.6.0_31;C:\MinGW\msys\1.0\home\AAli\usr\lib;C:\MinGW\msys\1.0\home\AAli\usr\lib\pkgconfig;C:\MinGW\msys\1.0\home\AAli\usr\bin;C:\Program Files\jEdit;C:\WINDOWS\system32\config\systemprofile\.dnx\bin;C:\Program Files\Microsoft DNX\Dnvm\;C:\Program Files\Microsoft SQL Server\130\Tools\Binn\;C:\Program Files (x86)\Windows Kits\10\Windows Performance Toolkit\;C:\Program Files\CMake\bin;C:\Program Files (x86)\Microsoft Emulator Manager\1.0\
USERNAME=AAli
OS=Windows_NT
PROCESSOR_IDENTIFIER=Intel64 Family 6 Model 37 Stepping 5, GenuineIntel



---------------  S Y S T E M  ---------------

OS: Windows 8.1 , 64 bit Build 9600 (6.3.9600.19538)

CPU:total 4 (initial active 4) (2 cores per cpu, 2 threads per core) family 6 model 37 stepping 5, cmov, cx8, fxsr, mmx, sse, sse2, sse3, ssse3, sse4.1, sse4.2, popcnt, aes, clmul, ht, tsc, tscinvbit

Memory: 4k page, physical 8182368k(880144k free), swap 11328096k(4356k free)

vm_info: OpenJDK 64-Bit Server VM (25.212-b04) for windows-amd64 JRE (1.8.0_212-release-1586-b04), built by "builder" with MS VC++ 10.0 (VS2010)

time: Mon Apr 06 17:47:06 2020
timezone: Eastern Daylight Time
elapsed time: 619 seconds (0d 0h 10m 19s)

